c:\users\lenovo\onedrive\git\parking\parking\consoleapplication1\debug\consoleapplication1.pch
c:\users\lenovo\onedrive\git\parking\parking\consoleapplication1\debug\vc141.pdb
c:\users\lenovo\onedrive\git\parking\parking\consoleapplication1\debug\vc141.idb
c:\users\lenovo\onedrive\git\parking\parking\consoleapplication1\debug\stdafx.obj
c:\users\lenovo\onedrive\git\parking\parking\consoleapplication1\debug\pojazd.obj
c:\users\lenovo\onedrive\git\parking\parking\consoleapplication1\debug\parking.obj
c:\users\lenovo\onedrive\git\parking\parking\consoleapplication1\debug\main.obj
c:\users\lenovo\onedrive\git\parking\parking\consoleapplication1\debug\losowanie.obj
c:\users\lenovo\onedrive\git\parking\parking\consoleapplication1\debug\strefa.obj
c:\users\lenovo\onedrive\git\parking\parking\debug\consoleapplication1.pdb
c:\users\lenovo\onedrive\git\parking\parking\consoleapplication1\debug\consolea.27af00fa.tlog\cl.command.1.tlog
c:\users\lenovo\onedrive\git\parking\parking\consoleapplication1\debug\consolea.27af00fa.tlog\cl.read.1.tlog
c:\users\lenovo\onedrive\git\parking\parking\consoleapplication1\debug\consolea.27af00fa.tlog\cl.write.1.tlog
c:\users\lenovo\onedrive\git\parking\parking\consoleapplication1\debug\consolea.27af00fa.tlog\link-cvtres.read.1.tlog
c:\users\lenovo\onedrive\git\parking\parking\consoleapplication1\debug\consolea.27af00fa.tlog\link-cvtres.write.1.tlog
c:\users\lenovo\onedrive\git\parking\parking\consoleapplication1\debug\consolea.27af00fa.tlog\link-rc.read.1.tlog
c:\users\lenovo\onedrive\git\parking\parking\consoleapplication1\debug\consolea.27af00fa.tlog\link-rc.write.1.tlog
c:\users\lenovo\onedrive\git\parking\parking\consoleapplication1\debug\consolea.27af00fa.tlog\link.command.1.tlog
c:\users\lenovo\onedrive\git\parking\parking\consoleapplication1\debug\consolea.27af00fa.tlog\link.read.1.tlog
c:\users\lenovo\onedrive\git\parking\parking\consoleapplication1\debug\consolea.27af00fa.tlog\link.write.1.tlog
